# JRE version: OpenJDK Runtime Environment (11.0.22+7) (build 11.0.22+7-post-Debian-1deb10u1)
# Java VM: OpenJDK 64-Bit Server VM (11.0.22+7-post-Debian-1deb10u1, mixed mode, tiered, compressed oops, g1 gc, linux-aarch64)
Heap:
 garbage-first heap   total 20480K, used 8447K [0x0000000083c00000, 0x0000000100000000)
  region size 1024K, 2 young (2048K), 0 survivors (0K)
 Metaspace       used 14319K, capacity 14657K, committed 15104K, reserved 1062912K
  class space    used 1365K, capacity 1503K, committed 1536K, reserved 1048576K
GC Heap History (20 events):
Event: 0.235 GC heap before
{Heap before GC invocations=1 (full 1):
 garbage-first heap   total 10240K, used 4116K [0x0000000083c00000, 0x0000000100000000)
  region size 1024K, 3 young (3072K), 0 survivors (0K)
 Metaspace       used 7885K, capacity 8083K, committed 8192K, reserved 1056768K
  class space    used 694K, capacity 751K, committed 768K, reserved 1048576K
}
Event: 0.236 GC heap after
{Heap after GC invocations=2 (full 1):
 garbage-first heap   total 10240K, used 1652K [0x0000000083c00000, 0x0000000100000000)
  region size 1024K, 1 young (1024K), 1 survivors (1024K)
 Metaspace       used 7885K, capacity 8083K, committed 8192K, reserved 1056768K
  class space    used 694K, capacity 751K, committed 768K, reserved 1048576K
}
Event: 0.241 GC heap before
{Heap before GC invocations=2 (full 1):
 garbage-first heap   total 10240K, used 3700K [0x0000000083c00000, 0x0000000100000000)
  region size 1024K, 3 young (3072K), 1 survivors (1024K)
 Metaspace       used 7906K, capacity 8083K, committed 8192K, reserved 1056768K
  class space    used 694K, capacity 751K, committed 768K, reserved 1048576K
}
Event: 0.243 GC heap after
{Heap after GC invocations=3 (full 1):
 garbage-first heap   total 10240K, used 1866K [0x0000000083c00000, 0x0000000100000000)
  region size 1024K, 1 young (1024K), 1 survivors (1024K)
 Metaspace       used 7906K, capacity 8083K, committed 8192K, reserved 1056768K
  class space    used 694K, capacity 751K, committed 768K, reserved 1048576K
}
Event: 0.246 GC heap before
{Heap before GC invocations=3 (full 1):
 garbage-first heap   total 10240K, used 2890K [0x0000000083c00000, 0x0000000100000000)
  region size 1024K, 2 young (2048K), 1 survivors (1024K)
 Metaspace       used 7936K, capacity 8150K, committed 8448K, reserved 1056768K
  class space    used 694K, capacity 751K, committed 768K, reserved 1048576K
}
Event: 0.246 GC heap after
{Heap after GC invocations=4 (full 1):
 garbage-first heap   total 10240K, used 1901K [0x0000000083c00000, 0x0000000100000000)
  region size 1024K, 1 young (1024K), 1 survivors (1024K)
 Metaspace       used 7936K, capacity 8150K, committed 8448K, reserved 1056768K
  class space    used 694K, capacity 751K, committed 768K, reserved 1048576K
}
Event: 0.249 GC heap before
{Heap before GC invocations=4 (full 1):
 garbage-first heap   total 10240K, used 3949K [0x0000000083c00000, 0x0000000100000000)
  region size 1024K, 3 young (3072K), 1 survivors (1024K)
 Metaspace       used 7939K, capacity 8150K, committed 8448K, reserved 1056768K
  class space    used 694K, capacity 751K, committed 768K, reserved 1048576K
}
Event: 0.250 GC heap after
{Heap after GC invocations=5 (full 1):
 garbage-first heap   total 10240K, used 2090K [0x0000000083c00000, 0x0000000100000000)
  region size 1024K, 1 young (1024K), 1 survivors (1024K)
 Metaspace       used 7939K, capacity 8150K, committed 8448K, reserved 1056768K
  class space    used 694K, capacity 751K, committed 768K, reserved 1048576K
}
Event: 0.253 GC heap before
{Heap before GC invocations=5 (full 1):
 garbage-first heap   total 10240K, used 4138K [0x0000000083c00000, 0x0000000100000000)
  region size 1024K, 3 young (3072K), 1 survivors (1024K)
 Metaspace       used 7940K, capacity 8150K, committed 8448K, reserved 1056768K
  class space    used 694K, capacity 751K, committed 768K, reserved 1048576K
}
Event: 0.254 GC heap after
{Heap after GC invocations=6 (full 1):
 garbage-first heap   total 10240K, used 2283K [0x0000000083c00000, 0x0000000100000000)
  region size 1024K, 1 young (1024K), 1 survivors (1024K)
 Metaspace       used 7940K, capacity 8150K, committed 8448K, reserved 1056768K
  class space    used 694K, capacity 751K, committed 768K, reserved 1048576K
}
Event: 0.255 GC heap before
{Heap before GC invocations=6 (full 1):
 garbage-first heap   total 10240K, used 4331K [0x0000000083c00000, 0x0000000100000000)
  region size 1024K, 3 young (3072K), 1 survivors (1024K)
 Metaspace       used 7940K, capacity 8150K, committed 8448K, reserved 1056768K
  class space    used 694K, capacity 751K, committed 768K, reserved 1048576K
}
Event: 0.257 GC heap after
{Heap after GC invocations=7 (full 1):
 garbage-first heap   total 69632K, used 2459K [0x0000000083c00000, 0x0000000100000000)
  region size 1024K, 1 young (1024K), 1 survivors (1024K)
 Metaspace       used 7940K, capacity 8150K, committed 8448K, reserved 1056768K
  class space    used 694K, capacity 751K, committed 768K, reserved 1048576K
}
Event: 0.323 GC heap before
{Heap before GC invocations=7 (full 1):
 garbage-first heap   total 69632K, used 28059K [0x0000000083c00000, 0x0000000100000000)
  region size 1024K, 27 young (27648K), 1 survivors (1024K)
 Metaspace       used 8036K, capacity 8215K, committed 8448K, reserved 1056768K
  class space    used 697K, capacity 751K, committed 768K, reserved 1048576K
}
Event: 0.335 GC heap after
{Heap after GC invocations=8 (full 2):
 garbage-first heap   total 20480K, used 5173K [0x0000000083c00000, 0x0000000100000000)
  region size 1024K, 0 young (0K), 0 survivors (0K)
 Metaspace       used 8036K, capacity 8215K, committed 8448K, reserved 1056768K
  class space    used 697K, capacity 751K, committed 768K, reserved 1048576K
}
Event: 0.346 GC heap before
{Heap before GC invocations=8 (full 2):
 garbage-first heap   total 20480K, used 5173K [0x0000000083c00000, 0x0000000100000000)
  region size 1024K, 1 young (1024K), 0 survivors (0K)
 Metaspace       used 8036K, capacity 8215K, committed 8448K, reserved 1056768K
  class space    used 697K, capacity 751K, committed 768K, reserved 1048576K
}
Event: 0.351 GC heap after
{Heap after GC invocations=9 (full 3):
 garbage-first heap   total 20480K, used 5182K [0x0000000083c00000, 0x0000000100000000)
  region size 1024K, 0 young (0K), 0 survivors (0K)
 Metaspace       used 8036K, capacity 8215K, committed 8448K, reserved 1056768K
  class space    used 697K, capacity 751K, committed 768K, reserved 1048576K
}
Event: 1.087 GC heap before
{Heap before GC invocations=9 (full 3):
 garbage-first heap   total 20480K, used 10302K [0x0000000083c00000, 0x0000000100000000)
  region size 1024K, 6 young (6144K), 0 survivors (0K)
 Metaspace       used 11840K, capacity 12170K, committed 12544K, reserved 1060864K
  class space    used 1135K, capacity 1271K, committed 1280K, reserved 1048576K
}
Event: 1.089 GC heap after
{Heap after GC invocations=10 (full 3):
 garbage-first heap   total 20480K, used 6465K [0x0000000083c00000, 0x0000000100000000)
  region size 1024K, 1 young (1024K), 1 survivors (1024K)
 Metaspace       used 11840K, capacity 12170K, committed 12544K, reserved 1060864K
  class space    used 1135K, capacity 1271K, committed 1280K, reserved 1048576K
}
Event: 1.595 GC heap before
{Heap before GC invocations=10 (full 3):
 garbage-first heap   total 20480K, used 10561K [0x0000000083c00000, 0x0000000100000000)
  region size 1024K, 6 young (6144K), 1 survivors (1024K)
 Metaspace       used 14016K, capacity 14337K, committed 14848K, reserved 1062912K
  class space    used 1340K, capacity 1439K, committed 1536K, reserved 1048576K
}
Event: 1.604 GC heap after
{Heap after GC invocations=11 (full 4):
 garbage-first heap   total 20480K, used 7423K [0x0000000083c00000, 0x0000000100000000)
  region size 1024K, 0 young (0K), 0 survivors (0K)
 Metaspace       used 14016K, capacity 14337K, committed 14848K, reserved 1062912K
  class space    used 1340K, capacity 1439K, committed 1536K, reserved 1048576K
}

